<?xml version="1.0" encoding="UTF-8"?>
<testsuite name="com.fastcampus.projectboard.FastCampusProjectBoardApplicationTests" tests="1" skipped="0" failures="0" errors="0" timestamp="2022-12-14T21:44:18" hostname="DESKTOP-H6LM7CS" time="0.492">
  <properties/>
  <testcase name="contextLoads()" classname="com.fastcampus.projectboard.FastCampusProjectBoardApplicationTests" time="0.492"/>
  <system-out><![CDATA[06:44:16.103 [Test worker] DEBUG org.springframework.test.context.BootstrapUtils - Instantiating CacheAwareContextLoaderDelegate from class [org.springframework.test.context.cache.DefaultCacheAwareContextLoaderDelegate]
06:44:16.115 [Test worker] DEBUG org.springframework.test.context.BootstrapUtils - Instantiating BootstrapContext using constructor [public org.springframework.test.context.support.DefaultBootstrapContext(java.lang.Class,org.springframework.test.context.CacheAwareContextLoaderDelegate)]
06:44:16.153 [Test worker] DEBUG org.springframework.test.context.BootstrapUtils - Instantiating TestContextBootstrapper for test class [com.fastcampus.projectboard.FastCampusProjectBoardApplicationTests] from class [org.springframework.boot.test.context.SpringBootTestContextBootstrapper]
06:44:16.164 [Test worker] INFO org.springframework.boot.test.context.SpringBootTestContextBootstrapper - Neither @ContextConfiguration nor @ContextHierarchy found for test class [com.fastcampus.projectboard.FastCampusProjectBoardApplicationTests], using SpringBootContextLoader
06:44:16.168 [Test worker] DEBUG org.springframework.test.context.support.AbstractContextLoader - Did not detect default resource location for test class [com.fastcampus.projectboard.FastCampusProjectBoardApplicationTests]: class path resource [com/fastcampus/projectboard/FastCampusProjectBoardApplicationTests-context.xml] does not exist
06:44:16.168 [Test worker] DEBUG org.springframework.test.context.support.AbstractContextLoader - Did not detect default resource location for test class [com.fastcampus.projectboard.FastCampusProjectBoardApplicationTests]: class path resource [com/fastcampus/projectboard/FastCampusProjectBoardApplicationTestsContext.groovy] does not exist
06:44:16.168 [Test worker] INFO org.springframework.test.context.support.AbstractContextLoader - Could not detect default resource locations for test class [com.fastcampus.projectboard.FastCampusProjectBoardApplicationTests]: no resource found for suffixes {-context.xml, Context.groovy}.
06:44:16.169 [Test worker] INFO org.springframework.test.context.support.AnnotationConfigContextLoaderUtils - Could not detect default configuration classes for test class [com.fastcampus.projectboard.FastCampusProjectBoardApplicationTests]: FastCampusProjectBoardApplicationTests does not declare any static, non-private, non-final, nested classes annotated with @Configuration.
06:44:16.211 [Test worker] DEBUG org.springframework.test.context.support.ActiveProfilesUtils - Could not find an 'annotation declaring class' for annotation type [org.springframework.test.context.ActiveProfiles] and class [com.fastcampus.projectboard.FastCampusProjectBoardApplicationTests]
06:44:16.273 [Test worker] DEBUG org.springframework.context.annotation.ClassPathScanningCandidateComponentProvider - Identified candidate component class: file [C:\workspace\fastcampus\fastcampus-project-board\fastcampus-project-board\build\classes\java\main\com\fastcampus\projectboard\FastCampusProjectBoardApplication.class]
06:44:16.276 [Test worker] INFO org.springframework.boot.test.context.SpringBootTestContextBootstrapper - Found @SpringBootConfiguration com.fastcampus.projectboard.FastCampusProjectBoardApplication for test class com.fastcampus.projectboard.FastCampusProjectBoardApplicationTests
06:44:16.395 [Test worker] DEBUG org.springframework.boot.test.context.SpringBootTestContextBootstrapper - @TestExecutionListeners is not present for class [com.fastcampus.projectboard.FastCampusProjectBoardApplicationTests]: using defaults.
06:44:16.396 [Test worker] INFO org.springframework.boot.test.context.SpringBootTestContextBootstrapper - Loaded default TestExecutionListener class names from location [META-INF/spring.factories]: [org.springframework.boot.test.autoconfigure.restdocs.RestDocsTestExecutionListener, org.springframework.boot.test.autoconfigure.web.client.MockRestServiceServerResetTestExecutionListener, org.springframework.boot.test.autoconfigure.web.servlet.MockMvcPrintOnlyOnFailureTestExecutionListener, org.springframework.boot.test.autoconfigure.web.servlet.WebDriverTestExecutionListener, org.springframework.boot.test.autoconfigure.webservices.client.MockWebServiceServerTestExecutionListener, org.springframework.boot.test.mock.mockito.MockitoTestExecutionListener, org.springframework.boot.test.mock.mockito.ResetMocksTestExecutionListener, org.springframework.test.context.web.ServletTestExecutionListener, org.springframework.test.context.support.DirtiesContextBeforeModesTestExecutionListener, org.springframework.test.context.event.ApplicationEventsTestExecutionListener, org.springframework.test.context.support.DependencyInjectionTestExecutionListener, org.springframework.test.context.support.DirtiesContextTestExecutionListener, org.springframework.test.context.transaction.TransactionalTestExecutionListener, org.springframework.test.context.jdbc.SqlScriptsTestExecutionListener, org.springframework.test.context.event.EventPublishingTestExecutionListener]
06:44:16.410 [Test worker] DEBUG org.springframework.boot.test.context.SpringBootTestContextBootstrapper - Skipping candidate TestExecutionListener [org.springframework.test.context.transaction.TransactionalTestExecutionListener] due to a missing dependency. Specify custom listener classes or make the default listener classes and their required dependencies available. Offending class: [org/springframework/transaction/interceptor/TransactionAttributeSource]
06:44:16.411 [Test worker] DEBUG org.springframework.boot.test.context.SpringBootTestContextBootstrapper - Skipping candidate TestExecutionListener [org.springframework.test.context.jdbc.SqlScriptsTestExecutionListener] due to a missing dependency. Specify custom listener classes or make the default listener classes and their required dependencies available. Offending class: [org/springframework/transaction/interceptor/TransactionAttribute]
06:44:16.411 [Test worker] INFO org.springframework.boot.test.context.SpringBootTestContextBootstrapper - Using TestExecutionListeners: [org.springframework.test.context.web.ServletTestExecutionListener@1992eaf4, org.springframework.test.context.support.DirtiesContextBeforeModesTestExecutionListener@f74e835, org.springframework.test.context.event.ApplicationEventsTestExecutionListener@3276732, org.springframework.boot.test.mock.mockito.MockitoTestExecutionListener@3f28bd56, org.springframework.boot.test.autoconfigure.SpringBootDependencyInjectionTestExecutionListener@31e3250d, org.springframework.test.context.support.DirtiesContextTestExecutionListener@19fe4644, org.springframework.test.context.event.EventPublishingTestExecutionListener@21d8bcbe, org.springframework.boot.test.autoconfigure.restdocs.RestDocsTestExecutionListener@5be067de, org.springframework.boot.test.autoconfigure.web.client.MockRestServiceServerResetTestExecutionListener@7383eae2, org.springframework.boot.test.autoconfigure.web.servlet.MockMvcPrintOnlyOnFailureTestExecutionListener@18245eb0, org.springframework.boot.test.autoconfigure.web.servlet.WebDriverTestExecutionListener@7c7d3c46, org.springframework.boot.test.autoconfigure.webservices.client.MockWebServiceServerTestExecutionListener@24fb6a80, org.springframework.boot.test.mock.mockito.ResetMocksTestExecutionListener@48c35007]
06:44:16.415 [Test worker] DEBUG org.springframework.test.context.support.AbstractDirtiesContextTestExecutionListener - Before test class: context [DefaultTestContext@28276e50 testClass = FastCampusProjectBoardApplicationTests, testInstance = [null], testMethod = [null], testException = [null], mergedContextConfiguration = [WebMergedContextConfiguration@62e70ea3 testClass = FastCampusProjectBoardApplicationTests, locations = '{}', classes = '{class com.fastcampus.projectboard.FastCampusProjectBoardApplication}', contextInitializerClasses = '[]', activeProfiles = '{}', propertySourceLocations = '{}', propertySourceProperties = '{org.springframework.boot.test.context.SpringBootTestContextBootstrapper=true}', contextCustomizers = set[org.springframework.boot.test.autoconfigure.actuate.metrics.MetricsExportContextCustomizerFactory$DisableMetricExportContextCustomizer@bcef303, org.springframework.boot.test.autoconfigure.properties.PropertyMappingContextCustomizer@0, org.springframework.boot.test.autoconfigure.web.servlet.WebDriverContextCustomizerFactory$Customizer@47f9738, org.springframework.boot.test.context.filter.ExcludeFilterContextCustomizer@6138e79a, org.springframework.boot.test.json.DuplicateJsonObjectContextCustomizerFactory$DuplicateJsonObjectContextCustomizer@42bc14c1, org.springframework.boot.test.mock.mockito.MockitoContextCustomizer@0, org.springframework.boot.test.web.client.TestRestTemplateContextCustomizer@77825085, org.springframework.boot.test.context.SpringBootTestArgs@1, org.springframework.boot.test.context.SpringBootTestWebEnvironment@15aab8c6], resourceBasePath = 'src/main/webapp', contextLoader = 'org.springframework.boot.test.context.SpringBootContextLoader', parent = [null]], attributes = map['org.springframework.test.context.web.ServletTestExecutionListener.activateListener' -> true]], class annotated with @DirtiesContext [false] with mode [null].

  .   ____          _            __ _ _
 /\\ / ___'_ __ _ _(_)_ __  __ _ \ \ \ \
( ( )\___ | '_ | '_| | '_ \/ _` | \ \ \ \
 \\/  ___)| |_)| | | | | || (_| |  ) ) ) )
  '  |____| .__|_| |_|_| |_\__, | / / / /
 =========|_|==============|___/=/_/_/_/
 :: Spring Boot ::                (v2.7.6)

2022-12-15 06:44:16.728  INFO 34412 --- [    Test worker] p.FastCampusProjectBoardApplicationTests : Starting FastCampusProjectBoardApplicationTests using Java 17.0.5 on DESKTOP-H6LM7CS with PID 34412 (started by seol in C:\workspace\fastcampus\fastcampus-project-board\fastcampus-project-board)
2022-12-15 06:44:16.729  INFO 34412 --- [    Test worker] p.FastCampusProjectBoardApplicationTests : No active profile set, falling back to 1 default profile: "default"
2022-12-15 06:44:18.781  INFO 34412 --- [    Test worker] o.s.b.a.e.web.EndpointLinksResolver      : Exposing 1 endpoint(s) beneath base path '/actuator'
2022-12-15 06:44:18.843  INFO 34412 --- [    Test worker] p.FastCampusProjectBoardApplicationTests : Started FastCampusProjectBoardApplicationTests in 2.388 seconds (JVM running for 3.552)
]]></system-out>
  <system-err><![CDATA[]]></system-err>
</testsuite>
